<?xml version="1.0" encoding="UTF-8"?>
<!-- Generated by org.testng.reporters.JUnitReportReporter -->
<testsuite skipped="0" hostname="LAPTOP-7CS7VT9V" name="dao.Demo" tests="1" failures="0" timestamp="2021-04-30T14:43:28 CST" time="1.759" errors="0">
  <testcase name="getdemo1" time="1.759" classname="dao.Demo"/>
  <system-out/>
</testsuite> <!-- dao.Demo -->
